<?xml version="1.0" encoding="UTF-8"?>
<!-- Generated by org.testng.reporters.JUnitReportReporter -->
<testsuite hostname="DESKTOP-I3QBGGF" failures="0" tests="1" name="seleniumProjects.Almosafer" time="0.115" errors="0" timestamp="2023-09-23T20:27:16 EET" skipped="0">
  <testcase classname="seleniumProjects.Almosafer" name="myTest" time="0.115"/>
  <system-out/>
</testsuite> <!-- seleniumProjects.Almosafer -->
