<?xml version="1.0" encoding="UTF-8"?>
<!-- Generated by org.testng.reporters.JUnitReportReporter -->
<testsuite hostname="DESKTOP-I3QBGGF" failures="0" tests="2" name="seleniumProjects.DemoClass" time="3.622" errors="0" timestamp="2023-09-23T17:52:04 EET" skipped="0">
  <testcase classname="seleniumProjects.DemoClass" name="myTest" time="3.472"/>
  <system-out/>
  <testcase classname="seleniumProjects.DemoClass" name="ThisIsAnotherTest" time="0.150"/>
  <system-out/>
</testsuite> <!-- seleniumProjects.DemoClass -->
