<?xml version="1.0" encoding="UTF-8"?>
<!-- Generated by org.testng.reporters.JUnitReportReporter -->
<testsuite hostname="DESKTOP-I3QBGGF" failures="0" tests="1" name="magentoTest.loginTest" time="0.005" errors="0" timestamp="2023-10-05T05:20:42 EET" skipped="0">
  <testcase classname="magentoTest.loginTest" name="LoginTest" time="0.005"/>
  <system-out/>
</testsuite> <!-- magentoTest.loginTest -->
