<?xml version="1.0" encoding="UTF-8"?>
<!-- Generated by org.testng.reporters.JUnitReportReporter -->
<testsuite hostname="DESKTOP-I3QBGGF" failures="0" tests="1" name="seleniumProjects.Testing" time="0.005" errors="0" timestamp="2023-09-28T03:15:33 EET" skipped="0">
  <testcase classname="seleniumProjects.Testing" name="MyTest" time="0.005"/>
  <system-out/>
</testsuite> <!-- seleniumProjects.Testing -->
